[37m2023-08-05 19:25:40,365[0;39m [34mINFO [0;39m [[36mtraceId: [0;39m] [[36msourceIp: [0;39m] [[36muserId: [0;39m] [[32mrestartedMain[0;39m] [33mc.s.d.DairyProductApplication[0;39m::[35m?[0;39m: - Starting DairyProductApplication using Java 17.0.8 with PID 3224 (D:\STS\DairyProduct\target\classes started by HP in D:\STS\DairyProduct)
[37m2023-08-05 19:25:40,367[0;39m [34mINFO [0;39m [[36mtraceId: [0;39m] [[36msourceIp: [0;39m] [[36muserId: [0;39m] [[32mrestartedMain[0;39m] [33mc.s.d.DairyProductApplication[0;39m::[35m?[0;39m: - No active profile set, falling back to 1 default profile: "default"
[37m2023-08-05 19:25:40,441[0;39m [34mINFO [0;39m [[36mtraceId: [0;39m] [[36msourceIp: [0;39m] [[36muserId: [0;39m] [[32mrestartedMain[0;39m] [33mo.s.b.d.e.DevToolsPropertyDefaultsPostProcessor[0;39m::[35m?[0;39m: - Devtools property defaults active! Set 'spring.devtools.add-properties' to 'false' to disable
[37m2023-08-05 19:25:40,441[0;39m [34mINFO [0;39m [[36mtraceId: [0;39m] [[36msourceIp: [0;39m] [[36muserId: [0;39m] [[32mrestartedMain[0;39m] [33mo.s.b.d.e.DevToolsPropertyDefaultsPostProcessor[0;39m::[35m?[0;39m: - For additional web related logging consider setting the 'logging.level.web' property to 'DEBUG'
[37m2023-08-05 19:25:41,359[0;39m [34mINFO [0;39m [[36mtraceId: [0;39m] [[36msourceIp: [0;39m] [[36muserId: [0;39m] [[32mrestartedMain[0;39m] [33mo.s.d.r.c.RepositoryConfigurationDelegate[0;39m::[35m?[0;39m: - Bootstrapping Spring Data JPA repositories in DEFAULT mode.
[37m2023-08-05 19:25:41,421[0;39m [34mINFO [0;39m [[36mtraceId: [0;39m] [[36msourceIp: [0;39m] [[36muserId: [0;39m] [[32mrestartedMain[0;39m] [33mo.s.d.r.c.RepositoryConfigurationDelegate[0;39m::[35m?[0;39m: - Finished Spring Data repository scanning in 48 ms. Found 1 JPA repository interfaces.
[37m2023-08-05 19:25:42,376[0;39m [34mINFO [0;39m [[36mtraceId: [0;39m] [[36msourceIp: [0;39m] [[36muserId: [0;39m] [[32mrestartedMain[0;39m] [33mo.s.b.w.e.t.TomcatWebServer[0;39m::[35m?[0;39m: - Tomcat initialized with port(s): 6151 (http)
[37m2023-08-05 19:25:42,387[0;39m [34mINFO [0;39m [[36mtraceId: [0;39m] [[36msourceIp: [0;39m] [[36muserId: [0;39m] [[32mrestartedMain[0;39m] [33mo.a.c.h.Http11NioProtocol[0;39m::[35m?[0;39m: - Initializing ProtocolHandler ["http-nio-6151"]
[37m2023-08-05 19:25:42,390[0;39m [34mINFO [0;39m [[36mtraceId: [0;39m] [[36msourceIp: [0;39m] [[36muserId: [0;39m] [[32mrestartedMain[0;39m] [33mo.a.c.c.StandardService[0;39m::[35m?[0;39m: - Starting service [Tomcat]
[37m2023-08-05 19:25:42,390[0;39m [34mINFO [0;39m [[36mtraceId: [0;39m] [[36msourceIp: [0;39m] [[36muserId: [0;39m] [[32mrestartedMain[0;39m] [33mo.a.c.c.StandardEngine[0;39m::[35m?[0;39m: - Starting Servlet engine: [Apache Tomcat/10.1.11]
[37m2023-08-05 19:25:42,454[0;39m [34mINFO [0;39m [[36mtraceId: [0;39m] [[36msourceIp: [0;39m] [[36muserId: [0;39m] [[32mrestartedMain[0;39m] [33mo.a.c.c.C.[.[.[/][0;39m::[35m?[0;39m: - Initializing Spring embedded WebApplicationContext
[37m2023-08-05 19:25:42,456[0;39m [34mINFO [0;39m [[36mtraceId: [0;39m] [[36msourceIp: [0;39m] [[36muserId: [0;39m] [[32mrestartedMain[0;39m] [33mo.s.b.w.s.c.ServletWebServerApplicationContext[0;39m::[35m?[0;39m: - Root WebApplicationContext: initialization completed in 2012 ms
[37m2023-08-05 19:25:42,690[0;39m [34mINFO [0;39m [[36mtraceId: [0;39m] [[36msourceIp: [0;39m] [[36muserId: [0;39m] [[32mrestartedMain[0;39m] [33mo.h.j.i.u.LogHelper[0;39m::[35m?[0;39m: - HHH000204: Processing PersistenceUnitInfo [name: default]
[37m2023-08-05 19:25:42,776[0;39m [34mINFO [0;39m [[36mtraceId: [0;39m] [[36msourceIp: [0;39m] [[36muserId: [0;39m] [[32mrestartedMain[0;39m] [33mo.hibernate.Version[0;39m::[35m?[0;39m: - HHH000412: Hibernate ORM core version 6.2.6.Final
[37m2023-08-05 19:25:42,778[0;39m [34mINFO [0;39m [[36mtraceId: [0;39m] [[36msourceIp: [0;39m] [[36muserId: [0;39m] [[32mrestartedMain[0;39m] [33mo.h.cfg.Environment[0;39m::[35m?[0;39m: - HHH000406: Using bytecode reflection optimizer
[37m2023-08-05 19:25:42,982[0;39m [34mINFO [0;39m [[36mtraceId: [0;39m] [[36msourceIp: [0;39m] [[36muserId: [0;39m] [[32mrestartedMain[0;39m] [33mo.h.b.i.BytecodeProviderInitiator[0;39m::[35m?[0;39m: - HHH000021: Bytecode provider name : bytebuddy
[37m2023-08-05 19:25:43,106[0;39m [34mINFO [0;39m [[36mtraceId: [0;39m] [[36msourceIp: [0;39m] [[36muserId: [0;39m] [[32mrestartedMain[0;39m] [33mo.s.o.j.p.SpringPersistenceUnitInfo[0;39m::[35m?[0;39m: - No LoadTimeWeaver setup: ignoring JPA class transformer
[37m2023-08-05 19:25:43,122[0;39m [34mINFO [0;39m [[36mtraceId: [0;39m] [[36msourceIp: [0;39m] [[36muserId: [0;39m] [[32mrestartedMain[0;39m] [33mc.z.h.HikariDataSource[0;39m::[35m?[0;39m: - HikariPool-1 - Starting...
[37m2023-08-05 19:25:43,475[0;39m [34mINFO [0;39m [[36mtraceId: [0;39m] [[36msourceIp: [0;39m] [[36muserId: [0;39m] [[32mrestartedMain[0;39m] [33mc.z.h.p.HikariPool[0;39m::[35m?[0;39m: - HikariPool-1 - Added connection com.mysql.cj.jdbc.ConnectionImpl@23fd75db
[37m2023-08-05 19:25:43,477[0;39m [34mINFO [0;39m [[36mtraceId: [0;39m] [[36msourceIp: [0;39m] [[36muserId: [0;39m] [[32mrestartedMain[0;39m] [33mc.z.h.HikariDataSource[0;39m::[35m?[0;39m: - HikariPool-1 - Start completed.
[37m2023-08-05 19:25:43,875[0;39m [34mINFO [0;39m [[36mtraceId: [0;39m] [[36msourceIp: [0;39m] [[36muserId: [0;39m] [[32mrestartedMain[0;39m] [33mo.h.b.i.BytecodeProviderInitiator[0;39m::[35m?[0;39m: - HHH000021: Bytecode provider name : bytebuddy
[37m2023-08-05 19:25:44,426[0;39m [34mINFO [0;39m [[36mtraceId: [0;39m] [[36msourceIp: [0;39m] [[36muserId: [0;39m] [[32mrestartedMain[0;39m] [33mo.h.e.t.j.p.i.JtaPlatformInitiator[0;39m::[35m?[0;39m: - HHH000490: Using JtaPlatform implementation: [org.hibernate.engine.transaction.jta.platform.internal.NoJtaPlatform]
[37m2023-08-05 19:25:44,461[0;39m [34mINFO [0;39m [[36mtraceId: [0;39m] [[36msourceIp: [0;39m] [[36muserId: [0;39m] [[32mrestartedMain[0;39m] [33mo.s.o.j.LocalContainerEntityManagerFactoryBean[0;39m::[35m?[0;39m: - Initialized JPA EntityManagerFactory for persistence unit 'default'
[37m2023-08-05 19:25:44,804[0;39m [31mWARN [0;39m [[36mtraceId: [0;39m] [[36msourceIp: [0;39m] [[36muserId: [0;39m] [[32mrestartedMain[0;39m] [33mo.s.b.a.o.j.JpaBaseConfiguration$JpaWebConfiguration[0;39m::[35m?[0;39m: - spring.jpa.open-in-view is enabled by default. Therefore, database queries may be performed during view rendering. Explicitly configure spring.jpa.open-in-view to disable this warning
[37m2023-08-05 19:25:45,180[0;39m [31mWARN [0;39m [[36mtraceId: [0;39m] [[36msourceIp: [0;39m] [[36muserId: [0;39m] [[32mrestartedMain[0;39m] [33mo.s.b.d.a.OptionalLiveReloadServer[0;39m::[35m?[0;39m: - Unable to start LiveReload server
[37m2023-08-05 19:25:45,190[0;39m [34mINFO [0;39m [[36mtraceId: [0;39m] [[36msourceIp: [0;39m] [[36muserId: [0;39m] [[32mrestartedMain[0;39m] [33mo.a.c.h.Http11NioProtocol[0;39m::[35m?[0;39m: - Starting ProtocolHandler ["http-nio-6151"]
[37m2023-08-05 19:25:45,210[0;39m [34mINFO [0;39m [[36mtraceId: [0;39m] [[36msourceIp: [0;39m] [[36muserId: [0;39m] [[32mrestartedMain[0;39m] [33mo.s.b.w.e.t.TomcatWebServer[0;39m::[35m?[0;39m: - Tomcat started on port(s): 6151 (http) with context path ''
[37m2023-08-05 19:25:45,218[0;39m [34mINFO [0;39m [[36mtraceId: [0;39m] [[36msourceIp: [0;39m] [[36muserId: [0;39m] [[32mrestartedMain[0;39m] [33mc.s.d.DairyProductApplication[0;39m::[35m?[0;39m: - Started DairyProductApplication in 5.283 seconds (process running for 6.211)
[37m2023-08-05 19:29:11,754[0;39m [34mINFO [0;39m [[36mtraceId: [0;39m] [[36msourceIp: [0;39m] [[36muserId: [0;39m] [[32mSpringApplicationShutdownHook[0;39m] [33mo.s.o.j.LocalContainerEntityManagerFactoryBean[0;39m::[35m?[0;39m: - Closing JPA EntityManagerFactory for persistence unit 'default'
[37m2023-08-05 19:29:11,757[0;39m [34mINFO [0;39m [[36mtraceId: [0;39m] [[36msourceIp: [0;39m] [[36muserId: [0;39m] [[32mSpringApplicationShutdownHook[0;39m] [33mc.z.h.HikariDataSource[0;39m::[35m?[0;39m: - HikariPool-1 - Shutdown initiated...
[37m2023-08-05 19:29:11,776[0;39m [34mINFO [0;39m [[36mtraceId: [0;39m] [[36msourceIp: [0;39m] [[36muserId: [0;39m] [[32mSpringApplicationShutdownHook[0;39m] [33mc.z.h.HikariDataSource[0;39m::[35m?[0;39m: - HikariPool-1 - Shutdown completed.
[37m2023-08-05 19:29:16,206[0;39m [34mINFO [0;39m [[36mtraceId: [0;39m] [[36msourceIp: [0;39m] [[36muserId: [0;39m] [[32mrestartedMain[0;39m] [33mc.s.d.DairyProductApplication[0;39m::[35m?[0;39m: - Starting DairyProductApplication using Java 17.0.8 with PID 9208 (D:\STS\DairyProduct\target\classes started by HP in D:\STS\DairyProduct)
[37m2023-08-05 19:29:16,208[0;39m [34mINFO [0;39m [[36mtraceId: [0;39m] [[36msourceIp: [0;39m] [[36muserId: [0;39m] [[32mrestartedMain[0;39m] [33mc.s.d.DairyProductApplication[0;39m::[35m?[0;39m: - No active profile set, falling back to 1 default profile: "default"
[37m2023-08-05 19:29:16,287[0;39m [34mINFO [0;39m [[36mtraceId: [0;39m] [[36msourceIp: [0;39m] [[36muserId: [0;39m] [[32mrestartedMain[0;39m] [33mo.s.b.d.e.DevToolsPropertyDefaultsPostProcessor[0;39m::[35m?[0;39m: - Devtools property defaults active! Set 'spring.devtools.add-properties' to 'false' to disable
[37m2023-08-05 19:29:16,287[0;39m [34mINFO [0;39m [[36mtraceId: [0;39m] [[36msourceIp: [0;39m] [[36muserId: [0;39m] [[32mrestartedMain[0;39m] [33mo.s.b.d.e.DevToolsPropertyDefaultsPostProcessor[0;39m::[35m?[0;39m: - For additional web related logging consider setting the 'logging.level.web' property to 'DEBUG'
[37m2023-08-05 19:29:17,504[0;39m [34mINFO [0;39m [[36mtraceId: [0;39m] [[36msourceIp: [0;39m] [[36muserId: [0;39m] [[32mrestartedMain[0;39m] [33mo.s.d.r.c.RepositoryConfigurationDelegate[0;39m::[35m?[0;39m: - Bootstrapping Spring Data JPA repositories in DEFAULT mode.
[37m2023-08-05 19:29:17,621[0;39m [34mINFO [0;39m [[36mtraceId: [0;39m] [[36msourceIp: [0;39m] [[36muserId: [0;39m] [[32mrestartedMain[0;39m] [33mo.s.d.r.c.RepositoryConfigurationDelegate[0;39m::[35m?[0;39m: - Finished Spring Data repository scanning in 103 ms. Found 1 JPA repository interfaces.
[37m2023-08-05 19:29:18,815[0;39m [34mINFO [0;39m [[36mtraceId: [0;39m] [[36msourceIp: [0;39m] [[36muserId: [0;39m] [[32mrestartedMain[0;39m] [33mo.s.b.w.e.t.TomcatWebServer[0;39m::[35m?[0;39m: - Tomcat initialized with port(s): 6151 (http)
[37m2023-08-05 19:29:18,832[0;39m [34mINFO [0;39m [[36mtraceId: [0;39m] [[36msourceIp: [0;39m] [[36muserId: [0;39m] [[32mrestartedMain[0;39m] [33mo.a.c.h.Http11NioProtocol[0;39m::[35m?[0;39m: - Initializing ProtocolHandler ["http-nio-6151"]
[37m2023-08-05 19:29:18,838[0;39m [34mINFO [0;39m [[36mtraceId: [0;39m] [[36msourceIp: [0;39m] [[36muserId: [0;39m] [[32mrestartedMain[0;39m] [33mo.a.c.c.StandardService[0;39m::[35m?[0;39m: - Starting service [Tomcat]
[37m2023-08-05 19:29:18,838[0;39m [34mINFO [0;39m [[36mtraceId: [0;39m] [[36msourceIp: [0;39m] [[36muserId: [0;39m] [[32mrestartedMain[0;39m] [33mo.a.c.c.StandardEngine[0;39m::[35m?[0;39m: - Starting Servlet engine: [Apache Tomcat/10.1.11]
[37m2023-08-05 19:29:18,945[0;39m [34mINFO [0;39m [[36mtraceId: [0;39m] [[36msourceIp: [0;39m] [[36muserId: [0;39m] [[32mrestartedMain[0;39m] [33mo.a.c.c.C.[.[.[/][0;39m::[35m?[0;39m: - Initializing Spring embedded WebApplicationContext
[37m2023-08-05 19:29:18,950[0;39m [34mINFO [0;39m [[36mtraceId: [0;39m] [[36msourceIp: [0;39m] [[36muserId: [0;39m] [[32mrestartedMain[0;39m] [33mo.s.b.w.s.c.ServletWebServerApplicationContext[0;39m::[35m?[0;39m: - Root WebApplicationContext: initialization completed in 2655 ms
[37m2023-08-05 19:29:19,408[0;39m [34mINFO [0;39m [[36mtraceId: [0;39m] [[36msourceIp: [0;39m] [[36muserId: [0;39m] [[32mrestartedMain[0;39m] [33mo.h.j.i.u.LogHelper[0;39m::[35m?[0;39m: - HHH000204: Processing PersistenceUnitInfo [name: default]
[37m2023-08-05 19:29:19,479[0;39m [34mINFO [0;39m [[36mtraceId: [0;39m] [[36msourceIp: [0;39m] [[36muserId: [0;39m] [[32mrestartedMain[0;39m] [33mo.hibernate.Version[0;39m::[35m?[0;39m: - HHH000412: Hibernate ORM core version 6.2.6.Final
[37m2023-08-05 19:29:19,482[0;39m [34mINFO [0;39m [[36mtraceId: [0;39m] [[36msourceIp: [0;39m] [[36muserId: [0;39m] [[32mrestartedMain[0;39m] [33mo.h.cfg.Environment[0;39m::[35m?[0;39m: - HHH000406: Using bytecode reflection optimizer
[37m2023-08-05 19:29:19,677[0;39m [34mINFO [0;39m [[36mtraceId: [0;39m] [[36msourceIp: [0;39m] [[36muserId: [0;39m] [[32mrestartedMain[0;39m] [33mo.h.b.i.BytecodeProviderInitiator[0;39m::[35m?[0;39m: - HHH000021: Bytecode provider name : bytebuddy
[37m2023-08-05 19:29:19,845[0;39m [34mINFO [0;39m [[36mtraceId: [0;39m] [[36msourceIp: [0;39m] [[36muserId: [0;39m] [[32mrestartedMain[0;39m] [33mo.s.o.j.p.SpringPersistenceUnitInfo[0;39m::[35m?[0;39m: - No LoadTimeWeaver setup: ignoring JPA class transformer
[37m2023-08-05 19:29:19,857[0;39m [34mINFO [0;39m [[36mtraceId: [0;39m] [[36msourceIp: [0;39m] [[36muserId: [0;39m] [[32mrestartedMain[0;39m] [33mc.z.h.HikariDataSource[0;39m::[35m?[0;39m: - HikariPool-1 - Starting...
[37m2023-08-05 19:29:20,191[0;39m [34mINFO [0;39m [[36mtraceId: [0;39m] [[36msourceIp: [0;39m] [[36muserId: [0;39m] [[32mrestartedMain[0;39m] [33mc.z.h.p.HikariPool[0;39m::[35m?[0;39m: - HikariPool-1 - Added connection com.mysql.cj.jdbc.ConnectionImpl@2e02b8ff
[37m2023-08-05 19:29:20,194[0;39m [34mINFO [0;39m [[36mtraceId: [0;39m] [[36msourceIp: [0;39m] [[36muserId: [0;39m] [[32mrestartedMain[0;39m] [33mc.z.h.HikariDataSource[0;39m::[35m?[0;39m: - HikariPool-1 - Start completed.
[37m2023-08-05 19:29:20,516[0;39m [34mINFO [0;39m [[36mtraceId: [0;39m] [[36msourceIp: [0;39m] [[36muserId: [0;39m] [[32mrestartedMain[0;39m] [33mo.h.b.i.BytecodeProviderInitiator[0;39m::[35m?[0;39m: - HHH000021: Bytecode provider name : bytebuddy
[37m2023-08-05 19:29:21,300[0;39m [34mINFO [0;39m [[36mtraceId: [0;39m] [[36msourceIp: [0;39m] [[36muserId: [0;39m] [[32mrestartedMain[0;39m] [33mo.h.e.t.j.p.i.JtaPlatformInitiator[0;39m::[35m?[0;39m: - HHH000490: Using JtaPlatform implementation: [org.hibernate.engine.transaction.jta.platform.internal.NoJtaPlatform]
[37m2023-08-05 19:29:21,361[0;39m [34mINFO [0;39m [[36mtraceId: [0;39m] [[36msourceIp: [0;39m] [[36muserId: [0;39m] [[32mrestartedMain[0;39m] [33mo.s.o.j.LocalContainerEntityManagerFactoryBean[0;39m::[35m?[0;39m: - Initialized JPA EntityManagerFactory for persistence unit 'default'
[37m2023-08-05 19:29:21,877[0;39m [31mWARN [0;39m [[36mtraceId: [0;39m] [[36msourceIp: [0;39m] [[36muserId: [0;39m] [[32mrestartedMain[0;39m] [33mo.s.b.a.o.j.JpaBaseConfiguration$JpaWebConfiguration[0;39m::[35m?[0;39m: - spring.jpa.open-in-view is enabled by default. Therefore, database queries may be performed during view rendering. Explicitly configure spring.jpa.open-in-view to disable this warning
[37m2023-08-05 19:29:22,397[0;39m [31mWARN [0;39m [[36mtraceId: [0;39m] [[36msourceIp: [0;39m] [[36muserId: [0;39m] [[32mrestartedMain[0;39m] [33mo.s.b.d.a.OptionalLiveReloadServer[0;39m::[35m?[0;39m: - Unable to start LiveReload server
[37m2023-08-05 19:29:22,413[0;39m [34mINFO [0;39m [[36mtraceId: [0;39m] [[36msourceIp: [0;39m] [[36muserId: [0;39m] [[32mrestartedMain[0;39m] [33mo.s.b.a.e.w.EndpointLinksResolver[0;39m::[35m?[0;39m: - Exposing 13 endpoint(s) beneath base path '/actuator'
[37m2023-08-05 19:29:22,485[0;39m [34mINFO [0;39m [[36mtraceId: [0;39m] [[36msourceIp: [0;39m] [[36muserId: [0;39m] [[32mrestartedMain[0;39m] [33mo.a.c.h.Http11NioProtocol[0;39m::[35m?[0;39m: - Starting ProtocolHandler ["http-nio-6151"]
[37m2023-08-05 19:29:22,510[0;39m [34mINFO [0;39m [[36mtraceId: [0;39m] [[36msourceIp: [0;39m] [[36muserId: [0;39m] [[32mrestartedMain[0;39m] [33mo.s.b.w.e.t.TomcatWebServer[0;39m::[35m?[0;39m: - Tomcat started on port(s): 6151 (http) with context path ''
[37m2023-08-05 19:29:22,523[0;39m [34mINFO [0;39m [[36mtraceId: [0;39m] [[36msourceIp: [0;39m] [[36muserId: [0;39m] [[32mrestartedMain[0;39m] [33mc.s.d.DairyProductApplication[0;39m::[35m?[0;39m: - Started DairyProductApplication in 6.68 seconds (process running for 7.398)
[37m2023-08-05 19:29:28,308[0;39m [34mINFO [0;39m [[36mtraceId: [0;39m] [[36msourceIp: [0;39m] [[36muserId: [0;39m] [[32mhttp-nio-6151-exec-1[0;39m] [33mo.a.c.c.C.[.[.[/][0;39m::[35m?[0;39m: - Initializing Spring DispatcherServlet 'dispatcherServlet'
[37m2023-08-05 19:29:28,308[0;39m [34mINFO [0;39m [[36mtraceId: [0;39m] [[36msourceIp: [0;39m] [[36muserId: [0;39m] [[32mhttp-nio-6151-exec-1[0;39m] [33mo.s.w.s.DispatcherServlet[0;39m::[35m?[0;39m: - Initializing Servlet 'dispatcherServlet'
[37m2023-08-05 19:29:28,309[0;39m [34mINFO [0;39m [[36mtraceId: [0;39m] [[36msourceIp: [0;39m] [[36muserId: [0;39m] [[32mhttp-nio-6151-exec-1[0;39m] [33mo.s.w.s.DispatcherServlet[0;39m::[35m?[0;39m: - Completed initialization in 1 ms
[37m2023-08-05 19:38:22,797[0;39m [34mINFO [0;39m [[36mtraceId: [0;39m] [[36msourceIp: [0;39m] [[36muserId: [0;39m] [[32mSpringApplicationShutdownHook[0;39m] [33mo.s.o.j.LocalContainerEntityManagerFactoryBean[0;39m::[35m?[0;39m: - Closing JPA EntityManagerFactory for persistence unit 'default'
[37m2023-08-05 19:38:22,801[0;39m [34mINFO [0;39m [[36mtraceId: [0;39m] [[36msourceIp: [0;39m] [[36muserId: [0;39m] [[32mSpringApplicationShutdownHook[0;39m] [33mc.z.h.HikariDataSource[0;39m::[35m?[0;39m: - HikariPool-1 - Shutdown initiated...
[37m2023-08-05 19:38:22,819[0;39m [34mINFO [0;39m [[36mtraceId: [0;39m] [[36msourceIp: [0;39m] [[36muserId: [0;39m] [[32mSpringApplicationShutdownHook[0;39m] [33mc.z.h.HikariDataSource[0;39m::[35m?[0;39m: - HikariPool-1 - Shutdown completed.
[37m2023-08-05 19:38:27,725[0;39m [34mINFO [0;39m [[36mtraceId: [0;39m] [[36msourceIp: [0;39m] [[36muserId: [0;39m] [[32mrestartedMain[0;39m] [33mc.s.d.DairyProductApplication[0;39m::[35m?[0;39m: - Starting DairyProductApplication using Java 17.0.8 with PID 10136 (D:\STS\DairyProduct\target\classes started by HP in D:\STS\DairyProduct)
[37m2023-08-05 19:38:27,726[0;39m [34mINFO [0;39m [[36mtraceId: [0;39m] [[36msourceIp: [0;39m] [[36muserId: [0;39m] [[32mrestartedMain[0;39m] [33mc.s.d.DairyProductApplication[0;39m::[35m?[0;39m: - No active profile set, falling back to 1 default profile: "default"
[37m2023-08-05 19:38:27,783[0;39m [34mINFO [0;39m [[36mtraceId: [0;39m] [[36msourceIp: [0;39m] [[36muserId: [0;39m] [[32mrestartedMain[0;39m] [33mo.s.b.d.e.DevToolsPropertyDefaultsPostProcessor[0;39m::[35m?[0;39m: - Devtools property defaults active! Set 'spring.devtools.add-properties' to 'false' to disable
[37m2023-08-05 19:38:27,783[0;39m [34mINFO [0;39m [[36mtraceId: [0;39m] [[36msourceIp: [0;39m] [[36muserId: [0;39m] [[32mrestartedMain[0;39m] [33mo.s.b.d.e.DevToolsPropertyDefaultsPostProcessor[0;39m::[35m?[0;39m: - For additional web related logging consider setting the 'logging.level.web' property to 'DEBUG'
[37m2023-08-05 19:38:28,716[0;39m [34mINFO [0;39m [[36mtraceId: [0;39m] [[36msourceIp: [0;39m] [[36muserId: [0;39m] [[32mrestartedMain[0;39m] [33mo.s.d.r.c.RepositoryConfigurationDelegate[0;39m::[35m?[0;39m: - Bootstrapping Spring Data JPA repositories in DEFAULT mode.
[37m2023-08-05 19:38:28,799[0;39m [34mINFO [0;39m [[36mtraceId: [0;39m] [[36msourceIp: [0;39m] [[36muserId: [0;39m] [[32mrestartedMain[0;39m] [33mo.s.d.r.c.RepositoryConfigurationDelegate[0;39m::[35m?[0;39m: - Finished Spring Data repository scanning in 71 ms. Found 1 JPA repository interfaces.
[37m2023-08-05 19:38:29,633[0;39m [34mINFO [0;39m [[36mtraceId: [0;39m] [[36msourceIp: [0;39m] [[36muserId: [0;39m] [[32mrestartedMain[0;39m] [33mo.s.b.w.e.t.TomcatWebServer[0;39m::[35m?[0;39m: - Tomcat initialized with port(s): 6151 (http)
[37m2023-08-05 19:38:29,643[0;39m [34mINFO [0;39m [[36mtraceId: [0;39m] [[36msourceIp: [0;39m] [[36muserId: [0;39m] [[32mrestartedMain[0;39m] [33mo.a.c.h.Http11NioProtocol[0;39m::[35m?[0;39m: - Initializing ProtocolHandler ["http-nio-6151"]
[37m2023-08-05 19:38:29,646[0;39m [34mINFO [0;39m [[36mtraceId: [0;39m] [[36msourceIp: [0;39m] [[36muserId: [0;39m] [[32mrestartedMain[0;39m] [33mo.a.c.c.StandardService[0;39m::[35m?[0;39m: - Starting service [Tomcat]
[37m2023-08-05 19:38:29,647[0;39m [34mINFO [0;39m [[36mtraceId: [0;39m] [[36msourceIp: [0;39m] [[36muserId: [0;39m] [[32mrestartedMain[0;39m] [33mo.a.c.c.StandardEngine[0;39m::[35m?[0;39m: - Starting Servlet engine: [Apache Tomcat/10.1.11]
[37m2023-08-05 19:38:29,718[0;39m [34mINFO [0;39m [[36mtraceId: [0;39m] [[36msourceIp: [0;39m] [[36muserId: [0;39m] [[32mrestartedMain[0;39m] [33mo.a.c.c.C.[.[.[/][0;39m::[35m?[0;39m: - Initializing Spring embedded WebApplicationContext
[37m2023-08-05 19:38:29,720[0;39m [34mINFO [0;39m [[36mtraceId: [0;39m] [[36msourceIp: [0;39m] [[36muserId: [0;39m] [[32mrestartedMain[0;39m] [33mo.s.b.w.s.c.ServletWebServerApplicationContext[0;39m::[35m?[0;39m: - Root WebApplicationContext: initialization completed in 1934 ms
[37m2023-08-05 19:38:29,998[0;39m [34mINFO [0;39m [[36mtraceId: [0;39m] [[36msourceIp: [0;39m] [[36muserId: [0;39m] [[32mrestartedMain[0;39m] [33mo.h.j.i.u.LogHelper[0;39m::[35m?[0;39m: - HHH000204: Processing PersistenceUnitInfo [name: default]
[37m2023-08-05 19:38:30,094[0;39m [34mINFO [0;39m [[36mtraceId: [0;39m] [[36msourceIp: [0;39m] [[36muserId: [0;39m] [[32mrestartedMain[0;39m] [33mo.hibernate.Version[0;39m::[35m?[0;39m: - HHH000412: Hibernate ORM core version 6.2.6.Final
[37m2023-08-05 19:38:30,096[0;39m [34mINFO [0;39m [[36mtraceId: [0;39m] [[36msourceIp: [0;39m] [[36muserId: [0;39m] [[32mrestartedMain[0;39m] [33mo.h.cfg.Environment[0;39m::[35m?[0;39m: - HHH000406: Using bytecode reflection optimizer
[37m2023-08-05 19:38:30,269[0;39m [34mINFO [0;39m [[36mtraceId: [0;39m] [[36msourceIp: [0;39m] [[36muserId: [0;39m] [[32mrestartedMain[0;39m] [33mo.h.b.i.BytecodeProviderInitiator[0;39m::[35m?[0;39m: - HHH000021: Bytecode provider name : bytebuddy
[37m2023-08-05 19:38:30,402[0;39m [34mINFO [0;39m [[36mtraceId: [0;39m] [[36msourceIp: [0;39m] [[36muserId: [0;39m] [[32mrestartedMain[0;39m] [33mo.s.o.j.p.SpringPersistenceUnitInfo[0;39m::[35m?[0;39m: - No LoadTimeWeaver setup: ignoring JPA class transformer
[37m2023-08-05 19:38:30,424[0;39m [34mINFO [0;39m [[36mtraceId: [0;39m] [[36msourceIp: [0;39m] [[36muserId: [0;39m] [[32mrestartedMain[0;39m] [33mc.z.h.HikariDataSource[0;39m::[35m?[0;39m: - HikariPool-1 - Starting...
[37m2023-08-05 19:38:30,721[0;39m [34mINFO [0;39m [[36mtraceId: [0;39m] [[36msourceIp: [0;39m] [[36muserId: [0;39m] [[32mrestartedMain[0;39m] [33mc.z.h.p.HikariPool[0;39m::[35m?[0;39m: - HikariPool-1 - Added connection com.mysql.cj.jdbc.ConnectionImpl@52938039
[37m2023-08-05 19:38:30,722[0;39m [34mINFO [0;39m [[36mtraceId: [0;39m] [[36msourceIp: [0;39m] [[36muserId: [0;39m] [[32mrestartedMain[0;39m] [33mc.z.h.HikariDataSource[0;39m::[35m?[0;39m: - HikariPool-1 - Start completed.
[37m2023-08-05 19:38:31,034[0;39m [34mINFO [0;39m [[36mtraceId: [0;39m] [[36msourceIp: [0;39m] [[36muserId: [0;39m] [[32mrestartedMain[0;39m] [33mo.h.b.i.BytecodeProviderInitiator[0;39m::[35m?[0;39m: - HHH000021: Bytecode provider name : bytebuddy
[37m2023-08-05 19:38:31,565[0;39m [34mINFO [0;39m [[36mtraceId: [0;39m] [[36msourceIp: [0;39m] [[36muserId: [0;39m] [[32mrestartedMain[0;39m] [33mo.h.e.t.j.p.i.JtaPlatformInitiator[0;39m::[35m?[0;39m: - HHH000490: Using JtaPlatform implementation: [org.hibernate.engine.transaction.jta.platform.internal.NoJtaPlatform]
[37m2023-08-05 19:38:31,617[0;39m [34mINFO [0;39m [[36mtraceId: [0;39m] [[36msourceIp: [0;39m] [[36muserId: [0;39m] [[32mrestartedMain[0;39m] [33mo.s.o.j.LocalContainerEntityManagerFactoryBean[0;39m::[35m?[0;39m: - Initialized JPA EntityManagerFactory for persistence unit 'default'
[37m2023-08-05 19:38:32,015[0;39m [31mWARN [0;39m [[36mtraceId: [0;39m] [[36msourceIp: [0;39m] [[36muserId: [0;39m] [[32mrestartedMain[0;39m] [33mo.s.b.a.o.j.JpaBaseConfiguration$JpaWebConfiguration[0;39m::[35m?[0;39m: - spring.jpa.open-in-view is enabled by default. Therefore, database queries may be performed during view rendering. Explicitly configure spring.jpa.open-in-view to disable this warning
[37m2023-08-05 19:38:32,593[0;39m [31mWARN [0;39m [[36mtraceId: [0;39m] [[36msourceIp: [0;39m] [[36muserId: [0;39m] [[32mrestartedMain[0;39m] [33mo.s.b.d.a.OptionalLiveReloadServer[0;39m::[35m?[0;39m: - Unable to start LiveReload server
[37m2023-08-05 19:38:32,599[0;39m [34mINFO [0;39m [[36mtraceId: [0;39m] [[36msourceIp: [0;39m] [[36muserId: [0;39m] [[32mrestartedMain[0;39m] [33mo.s.b.a.e.w.EndpointLinksResolver[0;39m::[35m?[0;39m: - Exposing 13 endpoint(s) beneath base path '/actuator'
[37m2023-08-05 19:38:32,666[0;39m [34mINFO [0;39m [[36mtraceId: [0;39m] [[36msourceIp: [0;39m] [[36muserId: [0;39m] [[32mrestartedMain[0;39m] [33mo.a.c.h.Http11NioProtocol[0;39m::[35m?[0;39m: - Starting ProtocolHandler ["http-nio-6151"]
[37m2023-08-05 19:38:32,693[0;39m [34mINFO [0;39m [[36mtraceId: [0;39m] [[36msourceIp: [0;39m] [[36muserId: [0;39m] [[32mrestartedMain[0;39m] [33mo.s.b.w.e.t.TomcatWebServer[0;39m::[35m?[0;39m: - Tomcat started on port(s): 6151 (http) with context path ''
[37m2023-08-05 19:38:32,708[0;39m [34mINFO [0;39m [[36mtraceId: [0;39m] [[36msourceIp: [0;39m] [[36muserId: [0;39m] [[32mrestartedMain[0;39m] [33mc.s.d.DairyProductApplication[0;39m::[35m?[0;39m: - Started DairyProductApplication in 5.329 seconds (process running for 5.947)
